This file contains any messages produced by compilers while
running configure, to aid debugging if configure makes a mistake.

It was created by ftp_server configure 1.0.0, which was
generated by GNU Autoconf 2.69.  Invocation command line was

  $ ./configure 

## --------- ##
## Platform. ##
## --------- ##

hostname = instance-s84ao96j
uname -m = x86_64
uname -r = 3.10.0-1127.8.2.el7.x86_64
uname -s = Linux
uname -v = #1 SMP Tue May 12 16:57:42 UTC 2020

/usr/bin/uname -p = x86_64
/bin/uname -X     = unknown

/bin/arch              = x86_64
/usr/bin/arch -k       = unknown
/usr/convex/getsysinfo = unknown
/usr/bin/hostinfo      = unknown
/bin/machine           = unknown
/usr/bin/oslevel       = unknown
/bin/universe          = unknown

PATH: /usr/local/sbin
PATH: /usr/local/bin
PATH: /usr/sbin
PATH: /usr/bin
PATH: /root/bin


## ----------- ##
## Core tests. ##
## ----------- ##

configure:2246: checking for a BSD-compatible install
configure:2314: result: /usr/bin/install -c
configure:2325: checking whether build environment is sane
configure:2380: result: yes
configure:2531: checking for a thread-safe mkdir -p
configure:2570: result: /usr/bin/mkdir -p
configure:2577: checking for gawk
configure:2593: found /usr/bin/gawk
configure:2604: result: gawk
configure:2615: checking whether make sets $(MAKE)
configure:2637: result: yes
configure:2666: checking whether make supports nested variables
configure:2683: result: yes
configure:2817: checking for gcc
configure:2833: found /usr/bin/gcc
configure:2844: result: gcc
configure:3073: checking for C compiler version
configure:3082: gcc --version >&5
gcc (GCC) 4.8.5 20150623 (Red Hat 4.8.5-39)
Copyright (C) 2015 Free Software Foundation, Inc.
This is free software; see the source for copying conditions.  There is NO
warranty; not even for MERCHANTABILITY or FITNESS FOR A PARTICULAR PURPOSE.

configure:3093: $? = 0
configure:3082: gcc -v >&5
Using built-in specs.
COLLECT_GCC=gcc
COLLECT_LTO_WRAPPER=/usr/libexec/gcc/x86_64-redhat-linux/4.8.5/lto-wrapper
Target: x86_64-redhat-linux
Configured with: ../configure --prefix=/usr --mandir=/usr/share/man --infodir=/usr/share/info --with-bugurl=http://bugzilla.redhat.com/bugzilla --enable-bootstrap --enable-shared --enable-threads=posix --enable-checking=release --with-system-zlib --enable-__cxa_atexit --disable-libunwind-exceptions --enable-gnu-unique-object --enable-linker-build-id --with-linker-hash-style=gnu --enable-languages=c,c++,objc,obj-c++,java,fortran,ada,go,lto --enable-plugin --enable-initfini-array --disable-libgcj --with-isl=/builddir/build/BUILD/gcc-4.8.5-20150702/obj-x86_64-redhat-linux/isl-install --with-cloog=/builddir/build/BUILD/gcc-4.8.5-20150702/obj-x86_64-redhat-linux/cloog-install --enable-gnu-indirect-function --with-tune=generic --with-arch_32=x86-64 --build=x86_64-redhat-linux
Thread model: posix
gcc version 4.8.5 20150623 (Red Hat 4.8.5-39) (GCC) 
configure:3093: $? = 0
configure:3082: gcc -V >&5
gcc: error: unrecognized command line option '-V'
gcc: fatal error: no input files
compilation terminated.
configure:3093: $? = 4
configure:3082: gcc -qversion >&5
gcc: error: unrecognized command line option '-qversion'
gcc: fatal error: no input files
compilation terminated.
configure:3093: $? = 4
configure:3113: checking whether the C compiler works
configure:3135: gcc    conftest.c  >&5
configure:3139: $? = 0
configure:3187: result: yes
configure:3190: checking for C compiler default output file name
configure:3192: result: a.out
configure:3198: checking for suffix of executables
configure:3205: gcc -o conftest    conftest.c  >&5
configure:3209: $? = 0
configure:3231: result: 
configure:3253: checking whether we are cross compiling
configure:3261: gcc -o conftest    conftest.c  >&5
configure:3265: $? = 0
configure:3272: ./conftest
configure:3276: $? = 0
configure:3291: result: no
configure:3296: checking for suffix of object files
configure:3318: gcc -c   conftest.c >&5
configure:3322: $? = 0
configure:3343: result: o
configure:3347: checking whether we are using the GNU C compiler
configure:3366: gcc -c   conftest.c >&5
configure:3366: $? = 0
configure:3375: result: yes
configure:3384: checking whether gcc accepts -g
configure:3404: gcc -c -g  conftest.c >&5
configure:3404: $? = 0
configure:3445: result: yes
configure:3462: checking for gcc option to accept ISO C89
configure:3525: gcc  -c -g -O2  conftest.c >&5
configure:3525: $? = 0
configure:3538: result: none needed
configure:3569: checking for style of include used by make
configure:3597: result: GNU
configure:3623: checking dependency style of gcc
configure:3734: result: gcc3
configure:3759: checking how to run the C preprocessor
configure:3790: gcc -E  conftest.c
configure:3790: $? = 0
configure:3804: gcc -E  conftest.c
conftest.c:11:28: fatal error: ac_nonexistent.h: No such file or directory
 #include <ac_nonexistent.h>
                            ^
compilation terminated.
configure:3804: $? = 1
configure: failed program was:
| /* confdefs.h */
| #define PACKAGE_NAME "ftp_server"
| #define PACKAGE_TARNAME "ftp_server"
| #define PACKAGE_VERSION "1.0.0"
| #define PACKAGE_STRING "ftp_server 1.0.0"
| #define PACKAGE_BUGREPORT "www.baidu.com"
| #define PACKAGE_URL ""
| #define PACKAGE "ftp_server"
| #define VERSION "1.0"
| /* end confdefs.h.  */
| #include <ac_nonexistent.h>
configure:3829: result: gcc -E
configure:3849: gcc -E  conftest.c
configure:3849: $? = 0
configure:3863: gcc -E  conftest.c
conftest.c:11:28: fatal error: ac_nonexistent.h: No such file or directory
 #include <ac_nonexistent.h>
                            ^
compilation terminated.
configure:3863: $? = 1
configure: failed program was:
| /* confdefs.h */
| #define PACKAGE_NAME "ftp_server"
| #define PACKAGE_TARNAME "ftp_server"
| #define PACKAGE_VERSION "1.0.0"
| #define PACKAGE_STRING "ftp_server 1.0.0"
| #define PACKAGE_BUGREPORT "www.baidu.com"
| #define PACKAGE_URL ""
| #define PACKAGE "ftp_server"
| #define VERSION "1.0"
| /* end confdefs.h.  */
| #include <ac_nonexistent.h>
configure:3892: checking for grep that handles long lines and -e
configure:3950: result: /usr/bin/grep
configure:3955: checking for egrep
configure:4017: result: /usr/bin/grep -E
configure:4022: checking for ANSI C header files
configure:4042: gcc -c -g -O2  conftest.c >&5
configure:4042: $? = 0
configure:4115: gcc -o conftest -g -O2   conftest.c  >&5
configure:4115: $? = 0
configure:4115: ./conftest
configure:4115: $? = 0
configure:4126: result: yes
configure:4139: checking for sys/types.h
configure:4139: gcc -c -g -O2  conftest.c >&5
configure:4139: $? = 0
configure:4139: result: yes
configure:4139: checking for sys/stat.h
configure:4139: gcc -c -g -O2  conftest.c >&5
configure:4139: $? = 0
configure:4139: result: yes
configure:4139: checking for stdlib.h
configure:4139: gcc -c -g -O2  conftest.c >&5
configure:4139: $? = 0
configure:4139: result: yes
configure:4139: checking for string.h
configure:4139: gcc -c -g -O2  conftest.c >&5
configure:4139: $? = 0
configure:4139: result: yes
configure:4139: checking for memory.h
configure:4139: gcc -c -g -O2  conftest.c >&5
configure:4139: $? = 0
configure:4139: result: yes
configure:4139: checking for strings.h
configure:4139: gcc -c -g -O2  conftest.c >&5
configure:4139: $? = 0
configure:4139: result: yes
configure:4139: checking for inttypes.h
configure:4139: gcc -c -g -O2  conftest.c >&5
configure:4139: $? = 0
configure:4139: result: yes
configure:4139: checking for stdint.h
configure:4139: gcc -c -g -O2  conftest.c >&5
configure:4139: $? = 0
configure:4139: result: yes
configure:4139: checking for unistd.h
configure:4139: gcc -c -g -O2  conftest.c >&5
configure:4139: $? = 0
configure:4139: result: yes
configure:4154: checking fcntl.h usability
configure:4154: gcc -c -g -O2  conftest.c >&5
configure:4154: $? = 0
configure:4154: result: yes
configure:4154: checking fcntl.h presence
configure:4154: gcc -E  conftest.c
configure:4154: $? = 0
configure:4154: result: yes
configure:4154: checking for fcntl.h
configure:4154: result: yes
configure:4154: checking netdb.h usability
configure:4154: gcc -c -g -O2  conftest.c >&5
configure:4154: $? = 0
configure:4154: result: yes
configure:4154: checking netdb.h presence
configure:4154: gcc -E  conftest.c
configure:4154: $? = 0
configure:4154: result: yes
configure:4154: checking for netdb.h
configure:4154: result: yes
configure:4154: checking netinet/in.h usability
configure:4154: gcc -c -g -O2  conftest.c >&5
configure:4154: $? = 0
configure:4154: result: yes
configure:4154: checking netinet/in.h presence
configure:4154: gcc -E  conftest.c
configure:4154: $? = 0
configure:4154: result: yes
configure:4154: checking for netinet/in.h
configure:4154: result: yes
configure:4154: checking for stdlib.h
configure:4154: result: yes
configure:4154: checking for string.h
configure:4154: result: yes
configure:4154: checking sys/socket.h usability
configure:4154: gcc -c -g -O2  conftest.c >&5
configure:4154: $? = 0
configure:4154: result: yes
configure:4154: checking sys/socket.h presence
configure:4154: gcc -E  conftest.c
configure:4154: $? = 0
configure:4154: result: yes
configure:4154: checking for sys/socket.h
configure:4154: result: yes
configure:4154: checking for unistd.h
configure:4154: result: yes
configure:4166: checking for pid_t
configure:4166: gcc -c -g -O2  conftest.c >&5
configure:4166: $? = 0
configure:4166: gcc -c -g -O2  conftest.c >&5
conftest.c: In function 'main':
conftest.c:64:20: error: expected expression before ')' token
 if (sizeof ((pid_t)))
                    ^
configure:4166: $? = 1
configure: failed program was:
| /* confdefs.h */
| #define PACKAGE_NAME "ftp_server"
| #define PACKAGE_TARNAME "ftp_server"
| #define PACKAGE_VERSION "1.0.0"
| #define PACKAGE_STRING "ftp_server 1.0.0"
| #define PACKAGE_BUGREPORT "www.baidu.com"
| #define PACKAGE_URL ""
| #define PACKAGE "ftp_server"
| #define VERSION "1.0"
| #define STDC_HEADERS 1
| #define HAVE_SYS_TYPES_H 1
| #define HAVE_SYS_STAT_H 1
| #define HAVE_STDLIB_H 1
| #define HAVE_STRING_H 1
| #define HAVE_MEMORY_H 1
| #define HAVE_STRINGS_H 1
| #define HAVE_INTTYPES_H 1
| #define HAVE_STDINT_H 1
| #define HAVE_UNISTD_H 1
| #define HAVE_FCNTL_H 1
| #define HAVE_NETDB_H 1
| #define HAVE_NETINET_IN_H 1
| #define HAVE_STDLIB_H 1
| #define HAVE_STRING_H 1
| #define HAVE_SYS_SOCKET_H 1
| #define HAVE_UNISTD_H 1
| /* end confdefs.h.  */
| #include <stdio.h>
| #ifdef HAVE_SYS_TYPES_H
| # include <sys/types.h>
| #endif
| #ifdef HAVE_SYS_STAT_H
| # include <sys/stat.h>
| #endif
| #ifdef STDC_HEADERS
| # include <stdlib.h>
| # include <stddef.h>
| #else
| # ifdef HAVE_STDLIB_H
| #  include <stdlib.h>
| # endif
| #endif
| #ifdef HAVE_STRING_H
| # if !defined STDC_HEADERS && defined HAVE_MEMORY_H
| #  include <memory.h>
| # endif
| # include <string.h>
| #endif
| #ifdef HAVE_STRINGS_H
| # include <strings.h>
| #endif
| #ifdef HAVE_INTTYPES_H
| # include <inttypes.h>
| #endif
| #ifdef HAVE_STDINT_H
| # include <stdint.h>
| #endif
| #ifdef HAVE_UNISTD_H
| # include <unistd.h>
| #endif
| int
| main ()
| {
| if (sizeof ((pid_t)))
| 	    return 0;
|   ;
|   return 0;
| }
configure:4166: result: yes
configure:4177: checking for size_t
configure:4177: gcc -c -g -O2  conftest.c >&5
configure:4177: $? = 0
configure:4177: gcc -c -g -O2  conftest.c >&5
conftest.c: In function 'main':
conftest.c:64:21: error: expected expression before ')' token
 if (sizeof ((size_t)))
                     ^
configure:4177: $? = 1
configure: failed program was:
| /* confdefs.h */
| #define PACKAGE_NAME "ftp_server"
| #define PACKAGE_TARNAME "ftp_server"
| #define PACKAGE_VERSION "1.0.0"
| #define PACKAGE_STRING "ftp_server 1.0.0"
| #define PACKAGE_BUGREPORT "www.baidu.com"
| #define PACKAGE_URL ""
| #define PACKAGE "ftp_server"
| #define VERSION "1.0"
| #define STDC_HEADERS 1
| #define HAVE_SYS_TYPES_H 1
| #define HAVE_SYS_STAT_H 1
| #define HAVE_STDLIB_H 1
| #define HAVE_STRING_H 1
| #define HAVE_MEMORY_H 1
| #define HAVE_STRINGS_H 1
| #define HAVE_INTTYPES_H 1
| #define HAVE_STDINT_H 1
| #define HAVE_UNISTD_H 1
| #define HAVE_FCNTL_H 1
| #define HAVE_NETDB_H 1
| #define HAVE_NETINET_IN_H 1
| #define HAVE_STDLIB_H 1
| #define HAVE_STRING_H 1
| #define HAVE_SYS_SOCKET_H 1
| #define HAVE_UNISTD_H 1
| /* end confdefs.h.  */
| #include <stdio.h>
| #ifdef HAVE_SYS_TYPES_H
| # include <sys/types.h>
| #endif
| #ifdef HAVE_SYS_STAT_H
| # include <sys/stat.h>
| #endif
| #ifdef STDC_HEADERS
| # include <stdlib.h>
| # include <stddef.h>
| #else
| # ifdef HAVE_STDLIB_H
| #  include <stdlib.h>
| # endif
| #endif
| #ifdef HAVE_STRING_H
| # if !defined STDC_HEADERS && defined HAVE_MEMORY_H
| #  include <memory.h>
| # endif
| # include <string.h>
| #endif
| #ifdef HAVE_STRINGS_H
| # include <strings.h>
| #endif
| #ifdef HAVE_INTTYPES_H
| # include <inttypes.h>
| #endif
| #ifdef HAVE_STDINT_H
| # include <stdint.h>
| #endif
| #ifdef HAVE_UNISTD_H
| # include <unistd.h>
| #endif
| int
| main ()
| {
| if (sizeof ((size_t)))
| 	    return 0;
|   ;
|   return 0;
| }
configure:4177: result: yes
configure:4192: checking vfork.h usability
configure:4192: gcc -c -g -O2  conftest.c >&5
conftest.c:61:19: fatal error: vfork.h: No such file or directory
 #include <vfork.h>
                   ^
compilation terminated.
configure:4192: $? = 1
configure: failed program was:
| /* confdefs.h */
| #define PACKAGE_NAME "ftp_server"
| #define PACKAGE_TARNAME "ftp_server"
| #define PACKAGE_VERSION "1.0.0"
| #define PACKAGE_STRING "ftp_server 1.0.0"
| #define PACKAGE_BUGREPORT "www.baidu.com"
| #define PACKAGE_URL ""
| #define PACKAGE "ftp_server"
| #define VERSION "1.0"
| #define STDC_HEADERS 1
| #define HAVE_SYS_TYPES_H 1
| #define HAVE_SYS_STAT_H 1
| #define HAVE_STDLIB_H 1
| #define HAVE_STRING_H 1
| #define HAVE_MEMORY_H 1
| #define HAVE_STRINGS_H 1
| #define HAVE_INTTYPES_H 1
| #define HAVE_STDINT_H 1
| #define HAVE_UNISTD_H 1
| #define HAVE_FCNTL_H 1
| #define HAVE_NETDB_H 1
| #define HAVE_NETINET_IN_H 1
| #define HAVE_STDLIB_H 1
| #define HAVE_STRING_H 1
| #define HAVE_SYS_SOCKET_H 1
| #define HAVE_UNISTD_H 1
| /* end confdefs.h.  */
| #include <stdio.h>
| #ifdef HAVE_SYS_TYPES_H
| # include <sys/types.h>
| #endif
| #ifdef HAVE_SYS_STAT_H
| # include <sys/stat.h>
| #endif
| #ifdef STDC_HEADERS
| # include <stdlib.h>
| # include <stddef.h>
| #else
| # ifdef HAVE_STDLIB_H
| #  include <stdlib.h>
| # endif
| #endif
| #ifdef HAVE_STRING_H
| # if !defined STDC_HEADERS && defined HAVE_MEMORY_H
| #  include <memory.h>
| # endif
| # include <string.h>
| #endif
| #ifdef HAVE_STRINGS_H
| # include <strings.h>
| #endif
| #ifdef HAVE_INTTYPES_H
| # include <inttypes.h>
| #endif
| #ifdef HAVE_STDINT_H
| # include <stdint.h>
| #endif
| #ifdef HAVE_UNISTD_H
| # include <unistd.h>
| #endif
| #include <vfork.h>
configure:4192: result: no
configure:4192: checking vfork.h presence
configure:4192: gcc -E  conftest.c
conftest.c:28:19: fatal error: vfork.h: No such file or directory
 #include <vfork.h>
                   ^
compilation terminated.
configure:4192: $? = 1
configure: failed program was:
| /* confdefs.h */
| #define PACKAGE_NAME "ftp_server"
| #define PACKAGE_TARNAME "ftp_server"
| #define PACKAGE_VERSION "1.0.0"
| #define PACKAGE_STRING "ftp_server 1.0.0"
| #define PACKAGE_BUGREPORT "www.baidu.com"
| #define PACKAGE_URL ""
| #define PACKAGE "ftp_server"
| #define VERSION "1.0"
| #define STDC_HEADERS 1
| #define HAVE_SYS_TYPES_H 1
| #define HAVE_SYS_STAT_H 1
| #define HAVE_STDLIB_H 1
| #define HAVE_STRING_H 1
| #define HAVE_MEMORY_H 1
| #define HAVE_STRINGS_H 1
| #define HAVE_INTTYPES_H 1
| #define HAVE_STDINT_H 1
| #define HAVE_UNISTD_H 1
| #define HAVE_FCNTL_H 1
| #define HAVE_NETDB_H 1
| #define HAVE_NETINET_IN_H 1
| #define HAVE_STDLIB_H 1
| #define HAVE_STRING_H 1
| #define HAVE_SYS_SOCKET_H 1
| #define HAVE_UNISTD_H 1
| /* end confdefs.h.  */
| #include <vfork.h>
configure:4192: result: no
configure:4192: checking for vfork.h
configure:4192: result: no
configure:4205: checking for fork
configure:4205: gcc -o conftest -g -O2   conftest.c  >&5
conftest.c:51:6: warning: conflicting types for built-in function 'fork' [enabled by default]
 char fork ();
      ^
configure:4205: $? = 0
configure:4205: result: yes
configure:4205: checking for vfork
configure:4205: gcc -o conftest -g -O2   conftest.c  >&5
configure:4205: $? = 0
configure:4205: result: yes
configure:4215: checking for working fork
configure:4237: gcc -o conftest -g -O2   conftest.c  >&5
configure:4237: $? = 0
configure:4237: ./conftest
configure:4237: $? = 0
configure:4247: result: yes
configure:4268: checking for working vfork
configure:4378: result: yes
configure:4405: checking for stdlib.h
configure:4405: result: yes
configure:4415: checking for GNU libc compatible malloc
configure:4439: gcc -o conftest -g -O2   conftest.c  >&5
configure:4439: $? = 0
configure:4439: ./conftest
configure:4439: $? = 0
configure:4449: result: yes
configure:4472: checking for stdlib.h
configure:4472: result: yes
configure:4482: checking for GNU libc compatible realloc
configure:4506: gcc -o conftest -g -O2   conftest.c  >&5
configure:4506: $? = 0
configure:4506: ./conftest
configure:4506: $? = 0
configure:4516: result: yes
configure:4540: checking for getcwd
configure:4540: gcc -o conftest -g -O2   conftest.c  >&5
configure:4540: $? = 0
configure:4540: result: yes
configure:4540: checking for memset
configure:4540: gcc -o conftest -g -O2   conftest.c  >&5
conftest.c:60:6: warning: conflicting types for built-in function 'memset' [enabled by default]
 char memset ();
      ^
configure:4540: $? = 0
configure:4540: result: yes
configure:4540: checking for mkdir
configure:4540: gcc -o conftest -g -O2   conftest.c  >&5
configure:4540: $? = 0
configure:4540: result: yes
configure:4540: checking for socket
configure:4540: gcc -o conftest -g -O2   conftest.c  >&5
configure:4540: $? = 0
configure:4540: result: yes
configure:4661: checking that generated files are newer than configure
configure:4667: result: done
configure:4690: creating ./config.status

## ---------------------- ##
## Running config.status. ##
## ---------------------- ##

This file was extended by ftp_server config.status 1.0.0, which was
generated by GNU Autoconf 2.69.  Invocation command line was

  CONFIG_FILES    = 
  CONFIG_HEADERS  = 
  CONFIG_LINKS    = 
  CONFIG_COMMANDS = 
  $ ./config.status 

on instance-s84ao96j

config.status:871: creating Makefile
config.status:871: creating config.h
config.status:1052: config.h is unchanged
config.status:1100: executing depfiles commands

## ---------------- ##
## Cache variables. ##
## ---------------- ##

ac_cv_c_compiler_gnu=yes
ac_cv_env_CC_set=
ac_cv_env_CC_value=
ac_cv_env_CFLAGS_set=
ac_cv_env_CFLAGS_value=
ac_cv_env_CPPFLAGS_set=
ac_cv_env_CPPFLAGS_value=
ac_cv_env_CPP_set=
ac_cv_env_CPP_value=
ac_cv_env_LDFLAGS_set=
ac_cv_env_LDFLAGS_value=
ac_cv_env_LIBS_set=
ac_cv_env_LIBS_value=
ac_cv_env_build_alias_set=
ac_cv_env_build_alias_value=
ac_cv_env_host_alias_set=
ac_cv_env_host_alias_value=
ac_cv_env_target_alias_set=
ac_cv_env_target_alias_value=
ac_cv_func_fork=yes
ac_cv_func_fork_works=yes
ac_cv_func_getcwd=yes
ac_cv_func_malloc_0_nonnull=yes
ac_cv_func_memset=yes
ac_cv_func_mkdir=yes
ac_cv_func_realloc_0_nonnull=yes
ac_cv_func_socket=yes
ac_cv_func_vfork=yes
ac_cv_func_vfork_works=yes
ac_cv_header_fcntl_h=yes
ac_cv_header_inttypes_h=yes
ac_cv_header_memory_h=yes
ac_cv_header_netdb_h=yes
ac_cv_header_netinet_in_h=yes
ac_cv_header_stdc=yes
ac_cv_header_stdint_h=yes
ac_cv_header_stdlib_h=yes
ac_cv_header_string_h=yes
ac_cv_header_strings_h=yes
ac_cv_header_sys_socket_h=yes
ac_cv_header_sys_stat_h=yes
ac_cv_header_sys_types_h=yes
ac_cv_header_unistd_h=yes
ac_cv_header_vfork_h=no
ac_cv_objext=o
ac_cv_path_EGREP='/usr/bin/grep -E'
ac_cv_path_GREP=/usr/bin/grep
ac_cv_path_install='/usr/bin/install -c'
ac_cv_path_mkdir=/usr/bin/mkdir
ac_cv_prog_AWK=gawk
ac_cv_prog_CPP='gcc -E'
ac_cv_prog_ac_ct_CC=gcc
ac_cv_prog_cc_c89=
ac_cv_prog_cc_g=yes
ac_cv_prog_make_make_set=yes
ac_cv_type_pid_t=yes
ac_cv_type_size_t=yes
am_cv_CC_dependencies_compiler_type=gcc3
am_cv_make_support_nested_variables=yes

## ----------------- ##
## Output variables. ##
## ----------------- ##

ACLOCAL='${SHELL} /root/ftpserver/missing aclocal-1.13'
AMDEPBACKSLASH='\'
AMDEP_FALSE='#'
AMDEP_TRUE=''
AMTAR='$${TAR-tar}'
AM_BACKSLASH='\'
AM_DEFAULT_V='$(AM_DEFAULT_VERBOSITY)'
AM_DEFAULT_VERBOSITY='1'
AM_V='$(V)'
AUTOCONF='${SHELL} /root/ftpserver/missing autoconf'
AUTOHEADER='${SHELL} /root/ftpserver/missing autoheader'
AUTOMAKE='${SHELL} /root/ftpserver/missing automake-1.13'
AWK='gawk'
CC='gcc'
CCDEPMODE='depmode=gcc3'
CFLAGS='-g -O2'
CPP='gcc -E'
CPPFLAGS=''
CYGPATH_W='echo'
DEFS='-DHAVE_CONFIG_H'
DEPDIR='.deps'
ECHO_C=''
ECHO_N='-n'
ECHO_T=''
EGREP='/usr/bin/grep -E'
EXEEXT=''
GREP='/usr/bin/grep'
INSTALL_DATA='${INSTALL} -m 644'
INSTALL_PROGRAM='${INSTALL}'
INSTALL_SCRIPT='${INSTALL}'
INSTALL_STRIP_PROGRAM='$(install_sh) -c -s'
LDFLAGS=''
LIBOBJS=''
LIBS=''
LTLIBOBJS=''
MAKEINFO='${SHELL} /root/ftpserver/missing makeinfo'
MKDIR_P='/usr/bin/mkdir -p'
OBJEXT='o'
PACKAGE='ftp_server'
PACKAGE_BUGREPORT='www.baidu.com'
PACKAGE_NAME='ftp_server'
PACKAGE_STRING='ftp_server 1.0.0'
PACKAGE_TARNAME='ftp_server'
PACKAGE_URL=''
PACKAGE_VERSION='1.0.0'
PATH_SEPARATOR=':'
SET_MAKE=''
SHELL='/bin/sh'
STRIP=''
VERSION='1.0'
ac_ct_CC='gcc'
am__EXEEXT_FALSE=''
am__EXEEXT_TRUE='#'
am__fastdepCC_FALSE='#'
am__fastdepCC_TRUE=''
am__include='include'
am__isrc=''
am__leading_dot='.'
am__nodep='_no'
am__quote=''
am__tar='$${TAR-tar} chof - "$$tardir"'
am__untar='$${TAR-tar} xf -'
bindir='${exec_prefix}/bin'
build_alias=''
datadir='${datarootdir}'
datarootdir='${prefix}/share'
docdir='${datarootdir}/doc/${PACKAGE_TARNAME}'
dvidir='${docdir}'
exec_prefix='${prefix}'
host_alias=''
htmldir='${docdir}'
includedir='${prefix}/include'
infodir='${datarootdir}/info'
install_sh='${SHELL} /root/ftpserver/install-sh'
libdir='${exec_prefix}/lib'
libexecdir='${exec_prefix}/libexec'
localedir='${datarootdir}/locale'
localstatedir='${prefix}/var'
mandir='${datarootdir}/man'
mkdir_p='$(MKDIR_P)'
oldincludedir='/usr/include'
pdfdir='${docdir}'
prefix='/usr/local'
program_transform_name='s,x,x,'
psdir='${docdir}'
sbindir='${exec_prefix}/sbin'
sharedstatedir='${prefix}/com'
sysconfdir='${prefix}/etc'
target_alias=''

## ----------- ##
## confdefs.h. ##
## ----------- ##

/* confdefs.h */
#define PACKAGE_NAME "ftp_server"
#define PACKAGE_TARNAME "ftp_server"
#define PACKAGE_VERSION "1.0.0"
#define PACKAGE_STRING "ftp_server 1.0.0"
#define PACKAGE_BUGREPORT "www.baidu.com"
#define PACKAGE_URL ""
#define PACKAGE "ftp_server"
#define VERSION "1.0"
#define STDC_HEADERS 1
#define HAVE_SYS_TYPES_H 1
#define HAVE_SYS_STAT_H 1
#define HAVE_STDLIB_H 1
#define HAVE_STRING_H 1
#define HAVE_MEMORY_H 1
#define HAVE_STRINGS_H 1
#define HAVE_INTTYPES_H 1
#define HAVE_STDINT_H 1
#define HAVE_UNISTD_H 1
#define HAVE_FCNTL_H 1
#define HAVE_NETDB_H 1
#define HAVE_NETINET_IN_H 1
#define HAVE_STDLIB_H 1
#define HAVE_STRING_H 1
#define HAVE_SYS_SOCKET_H 1
#define HAVE_UNISTD_H 1
#define HAVE_FORK 1
#define HAVE_VFORK 1
#define HAVE_WORKING_VFORK 1
#define HAVE_WORKING_FORK 1
#define HAVE_STDLIB_H 1
#define HAVE_MALLOC 1
#define HAVE_STDLIB_H 1
#define HAVE_REALLOC 1
#define HAVE_GETCWD 1
#define HAVE_MEMSET 1
#define HAVE_MKDIR 1
#define HAVE_SOCKET 1

configure: exit 0
